Migrating to Setup (1)
Migrating to IssueMove (2)
Migrating to IssueAddNote (3)
Migrating to ExportPdf (4)
Migrating to IssueStartDate (5)
Migrating to CalendarAndActivity (6)
Migrating to CreateJournals (7)
Migrating to CreateUserPreferences (8)
Migrating to AddHideMailPref (9)
Migrating to CreateComments (10)
Migrating to AddNewsCommentsCount (11)
Migrating to AddCommentsPermissions (12)
Migrating to CreateQueries (13)
Migrating to AddQueriesPermissions (14)
Migrating to CreateRepositories (15)
Migrating to AddRepositoriesPermissions (16)
Migrating to CreateSettings (17)
Migrating to SetDocAndFilesNotifications (18)
Migrating to AddIssueStatusPosition (19)
Migrating to AddRolePosition (20)
Migrating to AddTrackerPosition (21)
Migrating to SerializePossiblesValues (22)
Migrating to AddTrackerIsInRoadmap (23)
Migrating to AddRoadmapPermission (24)
Migrating to AddSearchPermission (25)
Migrating to AddRepositoryLoginAndPassword (26)
Migrating to CreateWikis (27)
Migrating to CreateWikiPages (28)
Migrating to CreateWikiContents (29)
Migrating to AddProjectsFeedsPermissions (30)
Migrating to AddRepositoryRootUrl (31)
Migrating to CreateTimeEntries (32)
Migrating to AddTimelogPermissions (33)
Migrating to CreateChangesets (34)
Migrating to CreateChanges (35)
Migrating to AddChangesetCommitDate (36)
Migrating to AddProjectIdentifier (37)
Migrating to AddCustomFieldIsFilter (38)
Migrating to CreateWatchers (39)
Migrating to CreateChangesetsIssues (40)
Migrating to RenameCommentToComments (41)
Migrating to CreateIssueRelations (42)
Migrating to AddRelationsPermissions (43)
Migrating to SetLanguageLengthToFive (44)
Migrating to CreateBoards (45)
Migrating to CreateMessages (46)
Migrating to AddBoardsPermissions (47)
Migrating to AllowNullVersionEffectiveDate (48)
Migrating to AddWikiDestroyPagePermission (49)
Migrating to AddWikiAttachmentsPermissions (50)
Migrating to AddProjectStatus (51)
Migrating to AddChangesRevision (52)
Migrating to AddChangesBranch (53)
Migrating to AddChangesetsScmid (54)
Migrating to AddRepositoriesType (55)
Migrating to AddRepositoriesChangesPermission (56)
Migrating to AddVersionsWikiPageTitle (57)
Migrating to AddIssueCategoriesAssignedToId (58)
Migrating to AddRolesAssignable (59)
Migrating to ChangeChangesetsCommitterLimit (60)
Migrating to AddRolesBuiltin (61)
Migrating to InsertBuiltinRoles (62)
Migrating to AddRolesPermissions (63)
Migrating to DropPermissions (64)
Migrating to AddSettingsUpdatedOn (65)
Migrating to AddCustomValueCustomizedIndex (66)
Migrating to CreateWikiRedirects (67)
Migrating to CreateEnabledModules (68)
Migrating to AddIssuesEstimatedHours (69)
Migrating to ChangeAttachmentsContentTypeLimit (70)
Migrating to AddQueriesColumnNames (71)
Migrating to AddEnumerationsPosition (72)
Migrating to AddEnumerationsIsDefault (73)
Migrating to AddAuthSourcesTls (74)
Migrating to AddMembersMailNotification (75)
Migrating to AllowNullPosition (76)
Migrating to RemoveIssueStatusesHtmlColor (77)
Migrating to AddCustomFieldsPosition (78)
Migrating to AddUserPreferencesTimeZone (79)
Migrating to AddUsersType (80)
Migrating to CreateProjectsTrackers (81)
Migrating to AddMessagesLocked (82)
Migrating to AddMessagesSticky (83)
Migrating to ChangeAuthSourcesAccountLimit (84)
Migrating to AddRoleTrackerOldStatusIndexToWorkflows (85)
Migrating to AddCustomFieldsSearchable (86)
Migrating to ChangeProjectsDescriptionToText (87)
Migrating to AddCustomFieldsDefaultValue (88)
Migrating to AddAttachmentsDescription (89)
Migrating to ChangeVersionsNameLimit (90)
Migrating to ChangeChangesetsRevisionToString (91)
Migrating to ChangeChangesFromRevisionToString (92)
Migrating to AddWikiPagesProtected (93)
Migrating to ChangeProjectsHomepageLimit (94)
Migrating to AddWikiPagesParentId (95)
Migrating to AddCommitAccessPermission (96)
Migrating to AddViewWikiEditsPermission (97)
Migrating to SetTopicAuthorsAsWatchers (98)
Migrating to AddDeleteWikiPagesAttachmentsPermission (99)
Migrating to AddChangesetsUserId (100)
Migrating to PopulateChangesetsUserId (101)
Migrating to AddCustomFieldsEditable (102)
Migrating to SetCustomFieldsEditable (103)
Migrating to AddProjectsLftAndRgt (104)
Migrating to BuildProjectsTree (105)
Migrating to RemoveProjectsProjectsCount (106)
Migrating to AddOpenIdAuthenticationTables (107)
Migrating to AddIdentityUrlToUsers (108)
Migrating to AddWatchersUserIdTypeIndex (20090214190337)
Migrating to AddQueriesSortCriteria (20090312172426)
Migrating to AddProjectsTrackersUniqueIndex (20090312194159)
Migrating to ExtendSettingsName (20090318181151)
Migrating to AddTypeToEnumerations (20090323224724)
Migrating to UpdateEnumerationsToSti (20090401221305)
Migrating to AddActiveFieldToEnumerations (20090401231134)
Migrating to AddProjectToEnumerations (20090403001910)
Migrating to AddParentIdToEnumerations (20090406161854)
Migrating to AddQueriesGroupBy (20090425161243)
Migrating to CreateMemberRoles (20090503121501)
Migrating to PopulateMemberRoles (20090503121505)
Migrating to DropMembersRoleId (20090503121510)
Migrating to FixMessagesStickyNull (20090614091200)
Migrating to PopulateUsersType (20090704172350)
Migrating to CreateGroupsUsers (20090704172355)
Migrating to AddMemberRolesInheritedFrom (20090704172358)
Migrating to FixUsersCustomValues (20091010093521)
Migrating to AddMissingIndexesToWorkflows (20091017212227)
Migrating to AddMissingIndexesToCustomFieldsProjects (20091017212457)
Migrating to AddMissingIndexesToMessages (20091017212644)
Migrating to AddMissingIndexesToRepositories (20091017212938)
Migrating to AddMissingIndexesToComments (20091017213027)
Migrating to AddMissingIndexesToEnumerations (20091017213113)
Migrating to AddMissingIndexesToWikiPages (20091017213151)
Migrating to AddMissingIndexesToWatchers (20091017213228)
Migrating to AddMissingIndexesToAuthSources (20091017213257)
Migrating to AddMissingIndexesToDocuments (20091017213332)
Migrating to AddMissingIndexesToTokens (20091017213444)
Migrating to AddMissingIndexesToChangesets (20091017213536)
Migrating to AddMissingIndexesToIssueCategories (20091017213642)
Migrating to AddMissingIndexesToMemberRoles (20091017213716)
Migrating to AddMissingIndexesToBoards (20091017213757)
Migrating to AddMissingIndexesToUserPreferences (20091017213835)
Migrating to AddMissingIndexesToIssues (20091017213910)
Migrating to AddMissingIndexesToMembers (20091017214015)
Migrating to AddMissingIndexesToCustomFields (20091017214107)
Migrating to AddMissingIndexesToQueries (20091017214136)
Migrating to AddMissingIndexesToTimeEntries (20091017214236)
Migrating to AddMissingIndexesToNews (20091017214308)
Migrating to AddMissingIndexesToUsers (20091017214336)
Migrating to AddMissingIndexesToAttachments (20091017214406)
Migrating to AddMissingIndexesToWikiContents (20091017214440)
Migrating to AddMissingIndexesToCustomValues (20091017214519)
Migrating to AddMissingIndexesToJournals (20091017214611)
Migrating to AddMissingIndexesToIssueRelations (20091017214644)
Migrating to AddMissingIndexesToWikiRedirects (20091017214720)
Migrating to AddMissingIndexesToCustomFieldsTrackers (20091017214750)
Migrating to AddActivityIndexes (20091025163651)
Migrating to AddVersionsStatus (20091108092559)
Migrating to AddViewIssuesPermission (20091114105931)
Migrating to AddDefaultDoneRatioToIssueStatus (20091123212029)
Migrating to AddVersionsSharing (20091205124427)
Migrating to AddLftAndRgtIndexesToProjects (20091220183509)
Migrating to AddIndexToSettingsName (20091220183727)
Migrating to AddIndexesToIssueStatus (20091220184736)
Migrating to RemoveEnumerationsOpt (20091225164732)
Migrating to ChangeWikiContentsTextLimit (20091227112908)
Migrating to ChangeUsersMailNotificationToString (20100129193402)
Migrating to UpdateMailNotificationValues (20100129193813)
Migrating to AddIndexOnChangesetsScmid (20100221100219)
Migrating to AddIssuesNestedSetsColumns (20100313132032)
Migrating to AddIndexOnIssuesNestedSet (20100313171051)
Migrating to ChangeChangesPathLengthLimit (20100705164950)
Migrating to EnableCalendarAndGanttModulesWhereAppropriate (20100819172912)
Migrating to AddUniqueIndexOnMembers (20101104182107)
Migrating to AddCustomFieldsVisible (20101107130441)
Migrating to ChangeProjectsNameLimit (20101114115114)
Migrating to ChangeProjectsIdentifierLimit (20101114115359)
Migrating to AddWorkflowsAssigneeAndAuthor (20110220160626)
Migrating to AddUsersSalt (20110223180944)
Migrating to SaltUserPasswords (20110223180953)
Migrating to AddRepositoriesPathEncoding (20110224000000)
Migrating to ChangeRepositoriesPasswordLimit (20110226120112)
Migrating to ChangeAuthSourcesAccountPasswordLimit (20110226120132)
Migrating to ChangeJournalDetailsValuesToText (20110227125750)
Migrating to AddRepositoriesLogEncoding (20110228000000)
Migrating to CopyRepositoriesLogEncoding (20110228000100)
Migrating to AddIndexToUsersType (20110401192910)
Migrating to AddRolesIssuesVisibility (20110408103312)
Migrating to AddIssuesIsPrivate (20110412065600)
Migrating to AddRepositoriesExtraInfo (20110511000000)
Migrating to CreateChangesetParents (20110902000000)
Migrating to AddUniqueIndexToIssueRelations (20111201201315)
Migrating to AddRepositoriesIdentifier (20120115143024)
Migrating to AddRepositoriesIsDefault (20120115143100)
Migrating to SetDefaultRepositories (20120115143126)
Migrating to AddCustomFieldsMultiple (20120127174243)
Migrating to ChangeUsersLoginLimit (20120205111326)
Migrating to ChangeAttachmentsContainerDefaults (20120223110929)
Migrating to AddAuthSourcesFilter (20120301153455)
Migrating to ChangeRepositoriesToFullSti (20120422150750)
Migrating to AddTrackersFieldsBits (20120705074331)
Migrating to AddAuthSourcesTimeout (20120707064544)
Migrating to AddWorkflowsType (20120714122000)
Migrating to UpdateWorkflowsToSti (20120714122100)
Migrating to AddWorkflowsRuleFields (20120714122200)
Migrating to AddBoardsParentId (20120731164049)
Migrating to AddJournalsPrivateNotes (20120930112914)
Migrating to AddEnumerationsPositionName (20121026002032)
Migrating to PopulateEnumerationsPositionName (20121026003537)
Migrating to AddQueriesType (20121209123234)
Migrating to UpdateQueriesToSti (20121209123358)
Migrating to AddAttachmentsDiskDirectory (20121213084931)
Migrating to SplitDocumentsPermissions (20130110122628)
Migrating to AddUniqueIndexOnTokensValue (20130201184705)
Migrating to AddProjectsInheritMembers (20130202090625)
Migrating to AddUniqueIndexOnCustomFieldsTrackers (20130207175206)
Migrating to AddUniqueIndexOnCustomFieldsProjects (20130207181455)
Migrating to ChangeUsersLastnameLengthTo255 (20130215073721)
Migrating to AddIssuesClosedOn (20130215111127)
Migrating to PopulateIssuesClosedOn (20130215111141)
Migrating to RemoveIssuesDefaultFkValues (20130217094251)
Migrating to CreateQueriesRoles (20130602092539)
Migrating to AddQueriesVisibility (20130710182539)
Migrating to CreateCustomFieldsRoles (20130713104233)
Migrating to AddQueriesOptions (20130713111657)
Migrating to AddUsersMustChangePasswd (20130729070143)
Migrating to RemoveEolsFromAttachmentsFilename (20130911193200)
Migrating to SupportForMultipleCommitKeywords (20131004113137)
Migrating to AddRepositoriesCreatedOn (20131005100610)
Migrating to AddCustomFieldsFormatStore (20131124175346)
Migrating to AddCustomFieldsDescription (20131210180802)
Migrating to RemoveCustomFieldsMinMaxLengthDefaultValues (20131214094309)
Migrating to StoreRelationTypeInJournalDetails (20131215104612)
Migrating to DeleteOrphanTimeEntriesCustomValues (20131218183023)
Migrating to ChangeChangesetsCommentsLimit (20140228130325)
Migrating to AddPasswordChangedAtToUser (20140903143914)
Migrating to InsertBuiltinGroups (20140920094058)
Migrating to AddTrackersDefaultStatusId (20141029181752)
Migrating to RemoveIssueStatusesIsDefault (20141029181824)
Migrating to AddRolesUsersVisibility (20141109112308)
Migrating to AddWikiRedirectsRedirectsToWikiId (20141122124142)
Migrating to CreateEmailAddresses (20150113194759)
Migrating to PopulateEmailAddresses (20150113211532)
Migrating to RemoveUsersMail (20150113213922)
Migrating to AddEmailAddressesUserIdIndex (20150113213955)
Migrating to ReplaceMoveIssuesPermission (20150208105930)
Migrating to ChangeDocumentsTitleLimit (20150510083747)
Migrating to ClearEstimatedHoursOnParentIssues (20150525103953)
Migrating to AddRolesTimeEntriesVisibility (20150526183158)
Migrating to AddRolesAllRolesManaged (20150528084820)
Migrating to CreateRolesManagedRoles (20150528092912)
Migrating to AddUniqueIndexOnRolesManagedRoles (20150528093249)
Migrating to InsertAllowedStatusesForNewIssues (20150725112753)
Migrating to CreateImports (20150730122707)
Migrating to CreateImportItems (20150730122735)
Migrating to ChangeTimeEntriesCommentsLimitTo1024 (20150921204850)
Migrating to ChangeWikiContentsCommentsLimitTo1024 (20150921210243)
Migrating to ChangeAttachmentsFilesizeLimitTo8 (20151020182334)
Migrating to FixCommaInUserFormatSettingValue (20151020182731)
Migrating to ChangeIssueCategoriesNameLimitTo60 (20151021184614)
Migrating to ChangeAuthSourcesFilterToText (20151021185456)
Migrating to ChangeUserPreferencesHideMailDefaultToTrue (20151021190616)
Migrating to AddTokensUpdatedOn (20151024082034)
Migrating to CreateCustomFieldEnumerations (20151025072118)
Migrating to AddProjectsDefaultVersionId (20151031095005)
Started GET "/redmine/" for 192.168.1.5 at 2016-01-20 21:43:22 +0900
Processing by WelcomeController#index as HTML
WARNING: Can't mass-assign protected attributes for AnonymousUser: login
	app/models/user.rb:739:in `anonymous'
	app/models/user.rb:731:in `current'
	app/controllers/application_controller.rb:93:in `user_setup'
  Current user: anonymous
  Rendered welcome/index.html.erb within layouts/base (29.7ms)
Completed 200 OK in 260ms (Views: 170.8ms | ActiveRecord: 10.0ms)
Started GET "/redmine/login" for 192.168.1.5 at 2016-01-20 21:43:30 +0900
Processing by AccountController#login as HTML
  Current user: anonymous
  Rendered account/login.html.erb within layouts/base (3.3ms)
Completed 200 OK in 12ms (Views: 9.0ms | ActiveRecord: 0.9ms)
Started POST "/redmine/login" for 192.168.1.5 at 2016-01-20 21:43:39 +0900
Processing by AccountController#login as HTML
  Parameters: {"utf8"=>"✓", "authenticity_token"=>"mPJAMXLZCrbD9ZXgCTRhqHuMdciszZjYzg3ZWAdbC9CQIpW0gnyo+krh1ttzIjjuDSqtxvtL7s3y2Vkjp+Y2lA==", "back_url"=>"http://10.1.0.35/redmine", "username"=>"admin", "password"=>"[FILTERED]", "login"=>"ログイン »"}
  Current user: anonymous
Successful authentication for 'admin' from 192.168.1.5 at 2016-01-20 12:43:39 UTC
Redirected to http://10.1.0.35/redmine
Completed 302 Found in 17ms (ActiveRecord: 2.8ms)
Started GET "/redmine/" for 192.168.1.5 at 2016-01-20 21:43:39 +0900
Processing by WelcomeController#index as HTML
  Current user: admin (id=1)
  Rendered welcome/index.html.erb within layouts/base (6.5ms)
Completed 200 OK in 24ms (Views: 15.9ms | ActiveRecord: 4.6ms)
Started GET "/redmine/admin" for 192.168.1.5 at 2016-01-20 21:43:46 +0900
Processing by AdminController#index as HTML
  Current user: admin (id=1)
  Rendered admin/_no_data.html.erb (996.8ms)
  Rendered admin/_menu.html.erb (2.8ms)
  Rendered admin/index.html.erb within layouts/admin (1001.1ms)
  Rendered layouts/base.html.erb (6.4ms)
Completed 200 OK in 1023ms (Views: 1010.2ms | ActiveRecord: 3.3ms)
Started POST "/redmine/admin/default_configuration" for 192.168.1.5 at 2016-01-20 21:43:53 +0900
Processing by AdminController#default_configuration as HTML
  Parameters: {"utf8"=>"✓", "authenticity_token"=>"dhyhpBb6/r6+V7iIuNE9bKrRvpdlBTCDAMQeqSCWEhNl2aT5a0kjPuhiQROOEcqJXuiYBDc3yGC5wabSr1iNCA==", "lang"=>"en", "commit"=>"デフォルト設定をロード"}
  Current user: admin (id=1)
Redirected to http://10.1.0.35/redmine/admin
Completed 302 Found in 506ms (ActiveRecord: 88.2ms)
Started GET "/redmine/admin" for 192.168.1.5 at 2016-01-20 21:43:54 +0900
Processing by AdminController#index as HTML
  Current user: admin (id=1)
  Rendered admin/_menu.html.erb (2.3ms)
  Rendered admin/index.html.erb within layouts/admin (2.5ms)
  Rendered layouts/base.html.erb (5.7ms)
Completed 200 OK in 12ms (Views: 8.4ms | ActiveRecord: 1.4ms)
Started GET "/redmine/admin" for 192.168.1.5 at 2016-01-20 21:43:58 +0900
Processing by AdminController#index as HTML
  Current user: admin (id=1)
  Rendered admin/_menu.html.erb (2.2ms)
  Rendered admin/index.html.erb within layouts/admin (2.5ms)
  Rendered layouts/base.html.erb (5.8ms)
Completed 200 OK in 13ms (Views: 8.4ms | ActiveRecord: 1.7ms)
Started GET "/redmine/admin" for 192.168.1.5 at 2016-01-20 21:44:00 +0900
Processing by AdminController#index as HTML
  Current user: admin (id=1)
  Rendered admin/_menu.html.erb (2.2ms)
  Rendered admin/index.html.erb within layouts/admin (2.5ms)
  Rendered layouts/base.html.erb (6.0ms)
Completed 200 OK in 13ms (Views: 8.4ms | ActiveRecord: 1.7ms)
Started GET "/redmine/admin" for 192.168.1.5 at 2016-01-20 21:44:04 +0900
Processing by AdminController#index as HTML
  Current user: admin (id=1)
  Rendered admin/_menu.html.erb (2.9ms)
  Rendered admin/index.html.erb within layouts/admin (3.3ms)
  Rendered layouts/base.html.erb (6.8ms)
Completed 200 OK in 17ms (Views: 10.1ms | ActiveRecord: 2.2ms)
Started GET "/redmine/admin/projects" for 192.168.1.5 at 2016-01-20 21:44:06 +0900
Processing by AdminController#projects as HTML
  Current user: admin (id=1)
  Rendered admin/projects.html.erb within layouts/admin (2.2ms)
  Rendered admin/_menu.html.erb (2.1ms)
  Rendered layouts/base.html.erb (6.1ms)
Completed 200 OK in 16ms (Views: 10.9ms | ActiveRecord: 1.8ms)
Started GET "/redmine/" for 192.168.1.5 at 2016-01-20 21:44:10 +0900
Processing by WelcomeController#index as HTML
  Current user: admin (id=1)
  Rendered welcome/index.html.erb within layouts/base (1.7ms)
Completed 200 OK in 13ms (Views: 8.0ms | ActiveRecord: 2.1ms)
Started GET "/redmine/my/account" for 192.168.1.5 at 2016-01-20 21:44:13 +0900
Processing by MyController#account as HTML
  Current user: admin (id=1)
  Rendered users/_mail_notifications.html.erb (5.9ms)
  Rendered users/_preferences.html.erb (203.9ms)
  Rendered my/_sidebar.html.erb (7.3ms)
  Rendered my/account.html.erb within layouts/base (235.0ms)
Completed 200 OK in 249ms (Views: 240.9ms | ActiveRecord: 4.1ms)
Started POST "/redmine/my/account" for 192.168.1.5 at 2016-01-20 21:44:19 +0900
Processing by MyController#account as HTML
  Parameters: {"utf8"=>"✓", "authenticity_token"=>"b6J2rgWjGwxHAnhvRBj8q7Bwl9rxMt1QHz+CKUJ8EQ18Z3PzeBDGjBE3gfRy2AtOREmxSaMAJbOmOjpSzbKOFg==", "user"=>{"firstname"=>"Redmine", "lastname"=>"Admin", "mail"=>"admin@example.net", "language"=>"en", "mail_notification"=>"all", "notified_project_ids"=>[""]}, "commit"=>"保存", "pref"=>{"no_self_notified"=>"0", "hide_mail"=>"1", "time_zone"=>"", "comments_sorting"=>"asc", "warn_on_leaving_unsaved"=>"1"}}
  Current user: admin (id=1)
Redirected to http://10.1.0.35/redmine/my/account
Completed 302 Found in 17ms (ActiveRecord: 3.5ms)
Started GET "/redmine/my/account" for 192.168.1.5 at 2016-01-20 21:44:19 +0900
Processing by MyController#account as HTML
  Current user: admin (id=1)
  Rendered users/_mail_notifications.html.erb (3.6ms)
  Rendered users/_preferences.html.erb (3.8ms)
  Rendered my/_sidebar.html.erb (3.6ms)
  Rendered my/account.html.erb within layouts/base (18.3ms)
Completed 200 OK in 29ms (Views: 23.9ms | ActiveRecord: 2.4ms)
Started GET "/redmine/admin" for 192.168.1.5 at 2016-01-20 21:44:23 +0900
Processing by AdminController#index as HTML
  Current user: admin (id=1)
  Rendered admin/_menu.html.erb (2.4ms)
  Rendered admin/index.html.erb within layouts/admin (3.2ms)
  Rendered layouts/base.html.erb (6.1ms)
Completed 200 OK in 16ms (Views: 10.2ms | ActiveRecord: 2.8ms)
Started GET "/redmine/admin" for 192.168.1.5 at 2016-01-20 23:27:33 +0900
Processing by AdminController#index as HTML
  Current user: admin (id=1)
  Rendered admin/_menu.html.erb (3.0ms)
  Rendered admin/index.html.erb within layouts/admin (3.5ms)
  Rendered layouts/base.html.erb (7.6ms)
Completed 200 OK in 19ms (Views: 11.4ms | ActiveRecord: 2.8ms)
Started GET "/redmine/" for 192.168.1.5 at 2016-01-20 23:27:36 +0900
Processing by WelcomeController#index as HTML
  Current user: admin (id=1)
  Rendered welcome/index.html.erb within layouts/base (3.5ms)
Completed 200 OK in 16ms (Views: 10.2ms | ActiveRecord: 2.2ms)
Started POST "/redmine/logout" for 192.168.1.5 at 2016-01-20 23:27:40 +0900
Processing by AccountController#logout as HTML
  Parameters: {"authenticity_token"=>"sOPZBqQXUx3PKQIEJXly/OD/qgwwu8rQ14KC0v/xlSWjJtxb2aSOnZkc+58TuYUZFMaMn2KJMjNuhzqpcD8KPg=="}
  Current user: admin (id=1)
Redirected to http://10.1.0.35/redmine/
Completed 302 Found in 7ms (ActiveRecord: 2.4ms)
Started GET "/redmine/" for 192.168.1.5 at 2016-01-20 23:27:40 +0900
Processing by WelcomeController#index as HTML
  Current user: anonymous
  Rendered welcome/index.html.erb within layouts/base (0.6ms)
Completed 200 OK in 9ms (Views: 4.9ms | ActiveRecord: 0.9ms)
Started GET "/redmine/" for 192.168.1.5 at 2016-01-20 23:27:47 +0900
Processing by WelcomeController#index as HTML
  Current user: anonymous
  Rendered welcome/index.html.erb within layouts/base (0.6ms)
Completed 200 OK in 9ms (Views: 4.5ms | ActiveRecord: 1.0ms)
Started GET "/redmine/login" for 192.168.1.5 at 2016-01-20 23:27:48 +0900
Processing by AccountController#login as HTML
  Current user: anonymous
  Rendered account/login.html.erb within layouts/base (0.9ms)
Completed 200 OK in 7ms (Views: 4.7ms | ActiveRecord: 0.4ms)
Started POST "/redmine/login" for 192.168.1.5 at 2016-01-20 23:27:50 +0900
Processing by AccountController#login as HTML
  Parameters: {"utf8"=>"✓", "authenticity_token"=>"tJG+KT+ov9WUtyeh4IR489e4cxHtxGUrQmnoAdo7llGVhNCMdlxMsjiDRfTUY+BqM/n2yeY8dc6DzQ4Vm1zj6Q==", "back_url"=>"http://10.1.0.35/redmine/", "username"=>"admin", "password"=>"[FILTERED]", "login"=>"ログイン »"}
  Current user: anonymous
Successful authentication for 'admin' from 192.168.1.5 at 2016-01-20 14:27:50 UTC
Redirected to http://10.1.0.35/redmine/
Completed 302 Found in 10ms (ActiveRecord: 2.9ms)
Started GET "/redmine/" for 192.168.1.5 at 2016-01-20 23:27:50 +0900
Processing by WelcomeController#index as HTML
  Current user: admin (id=1)
  Rendered welcome/index.html.erb within layouts/base (1.4ms)
Completed 200 OK in 11ms (Views: 7.0ms | ActiveRecord: 1.8ms)
